<?xml version="1.0" encoding="UTF-8"?>
<testsuite name="com.example.demo.SpringBootDatasourceApplicationTests" tests="1" skipped="0" failures="0" errors="0" timestamp="2022-12-10T10:34:13" hostname="LM0004622" time="0.476">
  <properties/>
  <testcase name="contextLoads()" classname="com.example.demo.SpringBootDatasourceApplicationTests" time="0.476"/>
  <system-out><![CDATA[16:04:08.321 [Test worker] DEBUG org.springframework.boot.test.context.SpringBootTestContextBootstrapper - Neither @ContextConfiguration nor @ContextHierarchy found for test class [SpringBootDatasourceApplicationTests]: using SpringBootContextLoader
16:04:08.328 [Test worker] DEBUG org.springframework.test.context.support.AbstractContextLoader - Could not detect default resource locations for test class [com.example.demo.SpringBootDatasourceApplicationTests]: no resource found for suffixes {-context.xml, Context.groovy}.
16:04:08.328 [Test worker] INFO org.springframework.test.context.support.AnnotationConfigContextLoaderUtils - Could not detect default configuration classes for test class [com.example.demo.SpringBootDatasourceApplicationTests]: SpringBootDatasourceApplicationTests does not declare any static, non-private, non-final, nested classes annotated with @Configuration.
16:04:08.355 [Test worker] DEBUG org.springframework.boot.test.context.SpringBootTestContextBootstrapper - Using ContextCustomizers for test class [SpringBootDatasourceApplicationTests]: [DisableObservabilityContextCustomizer, PropertyMappingContextCustomizer, Customizer, ExcludeFilterContextCustomizer, DuplicateJsonObjectContextCustomizer, MockitoContextCustomizer, TestRestTemplateContextCustomizer]
16:04:08.465 [Test worker] DEBUG org.springframework.context.annotation.ClassPathScanningCandidateComponentProvider - Identified candidate component class: file [/Users/shehzad.momin/Downloads/MyRepositories/spring-boot-datasource/build/classes/java/main/com/example/demo/SpringBootDatasourceApplication.class]
16:04:08.475 [Test worker] INFO org.springframework.boot.test.context.SpringBootTestContextBootstrapper - Found @SpringBootConfiguration com.example.demo.SpringBootDatasourceApplication for test class com.example.demo.SpringBootDatasourceApplicationTests
16:04:08.587 [Test worker] DEBUG org.springframework.boot.test.context.SpringBootTestContextBootstrapper - Using TestExecutionListeners for test class [SpringBootDatasourceApplicationTests]: [ServletTestExecutionListener, DirtiesContextBeforeModesTestExecutionListener, ApplicationEventsTestExecutionListener, MockitoTestExecutionListener, DependencyInjectionTestExecutionListener, DirtiesContextTestExecutionListener, TransactionalTestExecutionListener, SqlScriptsTestExecutionListener, EventPublishingTestExecutionListener, RestDocsTestExecutionListener, MockRestServiceServerResetTestExecutionListener, MockMvcPrintOnlyOnFailureTestExecutionListener, WebDriverTestExecutionListener, MockWebServiceServerTestExecutionListener, ResetMocksTestExecutionListener]
16:04:08.589 [Test worker] DEBUG org.springframework.test.context.support.AbstractDirtiesContextTestExecutionListener - Before test class: class [SpringBootDatasourceApplicationTests], class annotated with @DirtiesContext [false] with mode [null]

  .   ____          _            __ _ _
 /\\ / ___'_ __ _ _(_)_ __  __ _ \ \ \ \
( ( )\___ | '_ | '_| | '_ \/ _` | \ \ \ \
 \\/  ___)| |_)| | | | | || (_| |  ) ) ) )
  '  |____| .__|_| |_|_| |_\__, | / / / /
 =========|_|==============|___/=/_/_/_/
 :: Spring Boot ::                (v3.0.0)

2022-12-10T16:04:09.080+05:30  INFO 21208 --- [    Test worker] e.d.SpringBootDatasourceApplicationTests : Starting SpringBootDatasourceApplicationTests using Java 17.0.4.1 with PID 21208 (started by shehzad.momin in /Users/shehzad.momin/Downloads/MyRepositories/spring-boot-datasource)
2022-12-10T16:04:09.083+05:30  INFO 21208 --- [    Test worker] e.d.SpringBootDatasourceApplicationTests : No active profile set, falling back to 1 default profile: "default"
2022-12-10T16:04:10.264+05:30  INFO 21208 --- [    Test worker] .s.d.r.c.RepositoryConfigurationDelegate : Bootstrapping Spring Data JPA repositories in DEFAULT mode.
2022-12-10T16:04:10.302+05:30  INFO 21208 --- [    Test worker] .s.d.r.c.RepositoryConfigurationDelegate : Finished Spring Data repository scanning in 27 ms. Found 0 JPA repository interfaces.
2022-12-10T16:04:11.159+05:30  INFO 21208 --- [    Test worker] o.f.c.internal.license.VersionPrinter    : Flyway Community Edition 9.5.1 by Redgate
2022-12-10T16:04:11.160+05:30  INFO 21208 --- [    Test worker] o.f.c.internal.license.VersionPrinter    : See what's new here: https://flywaydb.org/documentation/learnmore/releaseNotes#9.5.1
2022-12-10T16:04:11.160+05:30  INFO 21208 --- [    Test worker] o.f.c.internal.license.VersionPrinter    : 
2022-12-10T16:04:11.167+05:30  INFO 21208 --- [    Test worker] com.zaxxer.hikari.HikariDataSource       : HikariPool-1 - Starting...
2022-12-10T16:04:11.172+05:30  WARN 21208 --- [    Test worker] c.zaxxer.hikari.util.DriverDataSource    : Registered driver with driverClassName=com.mysql.jdbc.Driver was not found, trying direct instantiation.
2022-12-10T16:04:11.656+05:30  INFO 21208 --- [    Test worker] com.zaxxer.hikari.pool.HikariPool        : HikariPool-1 - Added connection com.mysql.cj.jdbc.ConnectionImpl@4f1afe8f
2022-12-10T16:04:11.661+05:30  INFO 21208 --- [    Test worker] com.zaxxer.hikari.HikariDataSource       : HikariPool-1 - Start completed.
2022-12-10T16:04:11.701+05:30  INFO 21208 --- [    Test worker] o.f.c.i.database.base.BaseDatabaseType   : Database: jdbc:mysql://localhost:3306/demo (MySQL 8.0)
2022-12-10T16:04:11.751+05:30  INFO 21208 --- [    Test worker] o.f.core.internal.command.DbValidate     : Successfully validated 1 migration (execution time 00:00.023s)
2022-12-10T16:04:11.772+05:30  INFO 21208 --- [    Test worker] o.f.core.internal.command.DbMigrate      : Current version of schema `demo`: 1
2022-12-10T16:04:11.772+05:30 ERROR 21208 --- [    Test worker] o.f.core.internal.command.DbMigrate      : Schema `demo` has version 1, but no migration could be resolved in the configured locations !
2022-12-10T16:04:11.772+05:30  WARN 21208 --- [    Test worker] o.f.core.internal.command.DbMigrate      : Schema `demo` contains a failed future migration to version 1 !
2022-12-10T16:04:11.775+05:30  INFO 21208 --- [    Test worker] o.f.core.internal.command.DbMigrate      : Schema `demo` is up to date. No migration necessary.
2022-12-10T16:04:12.090+05:30  INFO 21208 --- [    Test worker] o.hibernate.jpa.internal.util.LogHelper  : HHH000204: Processing PersistenceUnitInfo [name: default]
2022-12-10T16:04:12.153+05:30  INFO 21208 --- [    Test worker] org.hibernate.Version                    : HHH000412: Hibernate ORM core version 6.1.5.Final
2022-12-10T16:04:12.321+05:30  WARN 21208 --- [    Test worker] org.hibernate.orm.deprecation            : HHH90000021: Encountered deprecated setting [javax.persistence.sharedCache.mode], use [jakarta.persistence.sharedCache.mode] instead
2022-12-10T16:04:12.469+05:30  INFO 21208 --- [    Test worker] SQL dialect                              : HHH000400: Using dialect: org.hibernate.dialect.MySQLDialect
2022-12-10T16:04:12.705+05:30  INFO 21208 --- [    Test worker] o.h.e.t.j.p.i.JtaPlatformInitiator       : HHH000490: Using JtaPlatform implementation: [org.hibernate.engine.transaction.jta.platform.internal.NoJtaPlatform]
2022-12-10T16:04:12.713+05:30  INFO 21208 --- [    Test worker] j.LocalContainerEntityManagerFactoryBean : Initialized JPA EntityManagerFactory for persistence unit 'default'
2022-12-10T16:04:12.999+05:30  WARN 21208 --- [    Test worker] JpaBaseConfiguration$JpaWebConfiguration : spring.jpa.open-in-view is enabled by default. Therefore, database queries may be performed during view rendering. Explicitly configure spring.jpa.open-in-view to disable this warning
2022-12-10T16:04:13.558+05:30  INFO 21208 --- [    Test worker] e.d.SpringBootDatasourceApplicationTests : Started SpringBootDatasourceApplicationTests in 4.899 seconds (process running for 6.503)
]]></system-out>
  <system-err><![CDATA[Loading class `com.mysql.jdbc.Driver'. This is deprecated. The new driver class is `com.mysql.cj.jdbc.Driver'. The driver is automatically registered via the SPI and manual loading of the driver class is generally unnecessary.
]]></system-err>
</testsuite>
